shellypro1-f8b3b7fa08bc/online true
lmha3/instances/lmha3-fdd1d9e4 {"priority":10,"timestamp":"2026-05-31T22:22:30.682276908Z"}
lmha3/instances/lmha3-fdd1d9e4 {"priority":10,"timestamp":"2026-05-31T22:22:40.682435623Z"}
shellypro1-f8b3b7fa08bc/online false
shellypro1-f8b3b7fa08bc/online true
shellypro1-f8b3b7fa08bc/status/mqtt {"connected":true}
shellypro1-f8b3b7fa08bc/debug/log shellypro1-f8b3b7fa08bc 56 1780266165.627 2|shos_mqtt_conn.c:506    MQTT0: Connect status 0
shellypro1-f8b3b7fa08bc/debug/log shellypro1-f8b3b7fa08bc 57 1780266165.628 2|shelly_notification:164 Status change of mqtt: {"connected":true}
shellypro1-f8b3b7fa08bc/events/rpc {"src":"shellypro1-f8b3b7fa08bc","dst":"shellypro1-f8b3b7fa08bc/events","method":"NotifyStatus","params":{"ts":1780266165.61,"mqtt":{"connected":true}}}
shellypro1-f8b3b7fa08bc/debug/log shellypro1-f8b3b7fa08bc 58 1780266165.658 2|wifi                    I (6278) wifi:<ba-del>idx:1, tid:1
shellypro1-f8b3b7fa08bc/debug/log shellypro1-f8b3b7fa08bc 59 1780266165.658 2|wifi                    I (6278) wifi:<ba-add>idx:1 (ifx:0, e0:08:55:3e:6e:63), tid:1, ssn:9, winSize:64
shellypro1-f8b3b7fa08bc/debug/log shellypro1-f8b3b7fa08bc 60 1780266165.708 2|shos_init.c:103         New min heap free: 125444
shellypro1-f8b3b7fa08bc/debug/log shellypro1-f8b3b7fa08bc 61 1780266165.739 2|shos_lwip.cpp:196       ws(0x3ffdecfc): IPv6 addrs: fe80::fab3:b7ff:fefa:8bc,t1
shellypro1-f8b3b7fa08bc/debug/log shellypro1-f8b3b7fa08bc 62 1780266165.756 2|shos_lwip.cpp:196       ws(0x3ffdecfc): IPv6 addrs: fe80::fab3:b7ff:fefa:8bc,t1 2001:8e0:39ce:701:fab3:b7ff:fefa:8bc,t0
shellypro1-f8b3b7fa08bc/debug/log shellypro1-f8b3b7fa08bc 63 1780266165.775 2|shos_lwip.cpp:196       ws(0x3ffdecfc): IPv6 addrs: fe80::fab3:b7ff:fefa:8bc,t1 2001:8e0:39ce:701:fab3:b7ff:fefa:8bc,t0 fd5d:5528:adfd:0:fab3:b7ff:fefa:8bc,t0
shellypro1-f8b3b7fa08bc/debug/log shellypro1-f8b3b7fa08bc 64 1780266166.178 2|wifi                    I (6798) wifi:<ba-del>idx:1, tid:1
shellypro1-f8b3b7fa08bc/debug/log shellypro1-f8b3b7fa08bc 65 1780266166.180 2|wifi                    I (6798) wifi:<ba-add>idx:1 (ifx:0, e0:08:55:3e:6e:63), tid:1, ssn:16, winSize:64
shellypro1-f8b3b7fa08bc/debug/log shellypro1-f8b3b7fa08bc 66 1780266166.698 2|wifi                    I (7318) wifi:<ba-del>idx:1, tid:1
shellypro1-f8b3b7fa08bc/debug/log shellypro1-f8b3b7fa08bc 67 1780266166.699 2|wifi                    I (7318) wifi:<ba-add>idx:1 (ifx:0, e0:08:55:3e:6e:63), tid:1, ssn:17, winSize:64
shellypro1-f8b3b7fa08bc/debug/log shellypro1-f8b3b7fa08bc 68 1780266166.745 2|shos_lwip.cpp:196       ws(0x3ffdecfc): IPv6 addrs: fe80::fab3:b7ff:fefa:8bc,P 2001:8e0:39ce:701:fab3:b7ff:fefa:8bc,t0 fd5d:5528:adfd:0:fab3:b7ff:fefa:8bc,t0
shellypro1-f8b3b7fa08bc/debug/log shellypro1-f8b3b7fa08bc 69 1780266166.779 2|shos_lwip.cpp:196       ws(0x3ffdecfc): IPv6 addrs: fe80::fab3:b7ff:fefa:8bc,P 2001:8e0:39ce:701:fab3:b7ff:fefa:8bc,t1 fd5d:5528:adfd:0:fab3:b7ff:fefa:8bc,t0
shellypro1-f8b3b7fa08bc/debug/log shellypro1-f8b3b7fa08bc 70 1780266166.780 2|shos_lwip.cpp:196       ws(0x3ffdecfc): IPv6 addrs: fe80::fab3:b7ff:fefa:8bc,P 2001:8e0:39ce:701:fab3:b7ff:fefa:8bc,t1 fd5d:5528:adfd:0:fab3:b7ff:fefa:8bc,t1
shellypro1-f8b3b7fa08bc/debug/log shellypro1-f8b3b7fa08bc 71 1780266167.208 2|wifi                    I (7838) wifi:<ba-del>idx:1, tid:1
shellypro1-f8b3b7fa08bc/debug/log shellypro1-f8b3b7fa08bc 72 1780266167.218 2|wifi                    I (7838) wifi:<ba-add>idx:1 (ifx:0, e0:08:55:3e:6e:63), tid:1, ssn:22, winSize:64
shellypro1-f8b3b7fa08bc/debug/log shellypro1-f8b3b7fa08bc 73 1780266167.370 2|shos_dns_sd_respond:236 ws(0x3ffdecfc): Announced ShellyPro1-F8B3B7FA08BC any@any (192.168.178.122)
shellypro1-f8b3b7fa08bc/debug/log shellypro1-f8b3b7fa08bc 74 1780266167.728 2|wifi                    I (8358) wifi:<ba-del>idx:1, tid:1
shellypro1-f8b3b7fa08bc/debug/log shellypro1-f8b3b7fa08bc 75 1780266167.738 2|wifi                    I (8358) wifi:<ba-add>idx:1 (ifx:0, e0:08:55:3e:6e:63), tid:1, ssn:24, winSize:64
shellypro1-f8b3b7fa08bc/debug/log shellypro1-f8b3b7fa08bc 76 1780266167.771 2|shos_lwip.cpp:196       ws(0x3ffdecfc): IPv6 addrs: fe80::fab3:b7ff:fefa:8bc,P 2001:8e0:39ce:701:fab3:b7ff:fefa:8bc,P fd5d:5528:adfd:0:fab3:b7ff:fefa:8bc,t1
shellypro1-f8b3b7fa08bc/debug/log shellypro1-f8b3b7fa08bc 77 1780266167.771 2|shos_lwip.cpp:196       ws(0x3ffdecfc): IPv6 addrs: fe80::fab3:b7ff:fefa:8bc,P 2001:8e0:39ce:701:fab3:b7ff:fefa:8bc,P fd5d:5528:adfd:0:fab3:b7ff:fefa:8bc,P
shellypro1-f8b3b7fa08bc/debug/log shellypro1-f8b3b7fa08bc 78 1780266168.248 2|wifi                    I (8878) wifi:<ba-del>idx:1, tid:1
shellypro1-f8b3b7fa08bc/debug/log shellypro1-f8b3b7fa08bc 79 1780266168.259 2|wifi                    I (8878) wifi:<ba-add>idx:1 (ifx:0, e0:08:55:3e:6e:63), tid:1, ssn:27, winSize:64
shellypro1-f8b3b7fa08bc/debug/log shellypro1-f8b3b7fa08bc 80 1780266168.778 2|wifi                    I (9398) wifi:<ba-del>idx:1, tid:1
shellypro1-f8b3b7fa08bc/debug/log shellypro1-f8b3b7fa08bc 81 1780266168.778 2|wifi                    I (9398) wifi:<ba-add>idx:1 (ifx:0, e0:08:55:3e:6e:63), tid:1, ssn:28, winSize:64
shellypro1-f8b3b7fa08bc/debug/log shellypro1-f8b3b7fa08bc 82 1780266169.298 2|wifi                    I (9918) wifi:<ba-del>idx:1, tid:1
shellypro1-f8b3b7fa08bc/debug/log shellypro1-f8b3b7fa08bc 83 1780266169.298 2|wifi                    I (9918) wifi:<ba-add>idx:1 (ifx:0, e0:08:55:3e:6e:63), tid:1, ssn:30, winSize:64
shellypro1-f8b3b7fa08bc/debug/log shellypro1-f8b3b7fa08bc 84 1780266169.818 2|wifi                    I (10438) wifi:<ba-del>idx:1, tid:1
shellypro1-f8b3b7fa08bc/debug/log shellypro1-f8b3b7fa08bc 85 1780266169.819 2|wifi                    I (10438) wifi:<ba-add>idx:1 (ifx:0, e0:08:55:3e:6e:63), tid:1, ssn:31, winSize:64
shellypro1-f8b3b7fa08bc/debug/log shellypro1-f8b3b7fa08bc 86 1780266170.328 2|wifi                    I (10958) wifi:<ba-del>idx:1, tid:1
shellypro1-f8b3b7fa08bc/debug/log shellypro1-f8b3b7fa08bc 87 1780266170.338 2|wifi                    I (10958) wifi:<ba-add>idx:1 (ifx:0, e0:08:55:3e:6e:63), tid:1, ssn:33, winSize:64
shellypro1-f8b3b7fa08bc/debug/log shellypro1-f8b3b7fa08bc 88 1780266170.560 2|shos_dns_sd_respond:236 ws(0x3ffdecfc): Announced ShellyPro1-F8B3B7FA08BC any@any (fe80::fab3:b7ff:fefa:8bc,2001:8e0:39ce:701:fab3:b7ff:fefa:8bc,fd5d:5528:adfd:0:fab3:b7ff:fefa:8bc)
lmha3/instances/lmha3-fdd1d9e4 {"priority":10,"timestamp":"2026-05-31T22:22:50.682762579Z"}
shellypro1-f8b3b7fa08bc/debug/log shellypro1-f8b3b7fa08bc 89 1780266170.848 2|wifi                    I (11478) wifi:<ba-del>idx:1, tid:1
shellypro1-f8b3b7fa08bc/debug/log shellypro1-f8b3b7fa08bc 90 1780266170.859 2|wifi                    I (11478) wifi:<ba-add>idx:1 (ifx:0, e0:08:55:3e:6e:63), tid:1, ssn:35, winSize:64
shellypro1-f8b3b7fa08bc/debug/log shellypro1-f8b3b7fa08bc 91 1780266171.368 2|wifi                    I (11998) wifi:<ba-del>idx:1, tid:1
shellypro1-f8b3b7fa08bc/debug/log shellypro1-f8b3b7fa08bc 92 1780266171.378 2|wifi                    I (11998) wifi:<ba-add>idx:1 (ifx:0, e0:08:55:3e:6e:63), tid:1, ssn:37, winSize:64
shellypro1-f8b3b7fa08bc/debug/log shellypro1-f8b3b7fa08bc 93 1780266171.902 2|wifi                    I (12518) wifi:<ba-del>idx:1, tid:1
shellypro1-f8b3b7fa08bc/debug/log shellypro1-f8b3b7fa08bc 94 1780266171.903 2|wifi                    I (12518) wifi:<ba-add>idx:1 (ifx:0, e0:08:55:3e:6e:63), tid:1, ssn:38, winSize:64
shellypro1-f8b3b7fa08bc/debug/log shellypro1-f8b3b7fa08bc 95 1780266171.903 2|shos_init.c:103         New min heap free: 125412
shellypro1-f8b3b7fa08bc/debug/log shellypro1-f8b3b7fa08bc 96 1780266172.408 2|wifi                    I (13038) wifi:<ba-del>idx:1, tid:1
shellypro1-f8b3b7fa08bc/debug/log shellypro1-f8b3b7fa08bc 97 1780266172.419 2|wifi                    I (13038) wifi:<ba-add>idx:1 (ifx:0, e0:08:55:3e:6e:63), tid:1, ssn:40, winSize:64
shellypro1-f8b3b7fa08bc/debug/log shellypro1-f8b3b7fa08bc 98 1780266172.939 2|wifi                    I (13558) wifi:<ba-del>idx:1, tid:1
shellypro1-f8b3b7fa08bc/debug/log shellypro1-f8b3b7fa08bc 99 1780266172.939 2|wifi                    I (13558) wifi:<ba-add>idx:1 (ifx:0, e0:08:55:3e:6e:63), tid:1, ssn:41, winSize:64
shellypro1-f8b3b7fa08bc/debug/log shellypro1-f8b3b7fa08bc 100 1780266173.459 2|wifi                    I (14078) wifi:<ba-del>idx:1, tid:1
shellypro1-f8b3b7fa08bc/debug/log shellypro1-f8b3b7fa08bc 101 1780266173.460 2|wifi                    I (14078) wifi:<ba-add>idx:1 (ifx:0, e0:08:55:3e:6e:63), tid:1, ssn:43, winSize:64
shellypro1-f8b3b7fa08bc/debug/log shellypro1-f8b3b7fa08bc 102 1780266173.968 2|wifi                    I (14598) wifi:<ba-del>idx:1, tid:1
shellypro1-f8b3b7fa08bc/debug/log shellypro1-f8b3b7fa08bc 103 1780266173.978 2|wifi                    I (14598) wifi:<ba-add>idx:1 (ifx:0, e0:08:55:3e:6e:63), tid:1, ssn:44, winSize:64
shellypro1-f8b3b7fa08bc/debug/log shellypro1-f8b3b7fa08bc 104 1780266174.488 2|wifi                    I (15118) wifi:<ba-del>idx:1, tid:1
shellypro1-f8b3b7fa08bc/debug/log shellypro1-f8b3b7fa08bc 105 1780266174.498 2|wifi                    I (15118) wifi:<ba-add>idx:1 (ifx:0, e0:08:55:3e:6e:63), tid:1, ssn:46, winSize:64
shellypro1-f8b3b7fa08bc/debug/log shellypro1-f8b3b7fa08bc 106 1780266175.008 2|wifi                    I (15638) wifi:<ba-del>idx:1, tid:1
shellypro1-f8b3b7fa08bc/debug/log shellypro1-f8b3b7fa08bc 107 1780266175.018 2|wifi                    I (15638) wifi:<ba-add>idx:1 (ifx:0, e0:08:55:3e:6e:63), tid:1, ssn:47, winSize:64
shellypro1-f8b3b7fa08bc/debug/log shellypro1-f8b3b7fa08bc 108 1780266175.529 2|wifi                    I (16158) wifi:<ba-del>idx:1, tid:1
shellypro1-f8b3b7fa08bc/debug/log shellypro1-f8b3b7fa08bc 109 1780266175.539 2|wifi                    I (16158) wifi:<ba-add>idx:1 (ifx:0, e0:08:55:3e:6e:63), tid:1, ssn:49, winSize:64
shellypro1-f8b3b7fa08bc/debug/log shellypro1-f8b3b7fa08bc 110 1780266176.049 2|wifi                    I (16678) wifi:<ba-del>idx:1, tid:1
shellypro1-f8b3b7fa08bc/debug/log shellypro1-f8b3b7fa08bc 111 1780266176.059 2|wifi                    I (16678) wifi:<ba-add>idx:1 (ifx:0, e0:08:55:3e:6e:63), tid:1, ssn:50, winSize:64
shellypro1-f8b3b7fa08bc/debug/log shellypro1-f8b3b7fa08bc 112 1780266176.578 2|wifi                    I (17198) wifi:<ba-del>idx:1, tid:1
shellypro1-f8b3b7fa08bc/debug/log shellypro1-f8b3b7fa08bc 113 1780266176.579 2|wifi                    I (17198) wifi:<ba-add>idx:1 (ifx:0, e0:08:55:3e:6e:63), tid:1, ssn:52, winSize:64
shellypro1-f8b3b7fa08bc/debug/log shellypro1-f8b3b7fa08bc 114 1780266177.120 2|shelly_update.cpp:355   Checking for updates (1.7.5 20260311-095847/1.7.5-g9979d16 {"bl":16777983,"t":1780266177.072,"ut":16389437,"hf":138912,"hmf":125412,"fs":524288,"fsf":200704,"pkw":0})
shellypro1-f8b3b7fa08bc/debug/log shellypro1-f8b3b7fa08bc 115 1780266177.122 2|shos_http_client.cp:316 0x3ffdf9f8: HTTPS GET https://updates.shelly.cloud/update/Pro1?src=auto1 (CA shelly_cloud.pem,ca.pem)
shellypro1-f8b3b7fa08bc/debug/log shellypro1-f8b3b7fa08bc 116 1780266177.122 2|wifi                    I (17718) wifi:<ba-del>idx:1, tid:1
shellypro1-f8b3b7fa08bc/debug/log shellypro1-f8b3b7fa08bc 117 1780266177.122 2|wifi                    I (17738) wifi:<ba-add>idx:1 (ifx:0, e0:08:55:3e:6e:63), tid:1, ssn:53, winSize:64
shellypro1-f8b3b7fa08bc/debug/log shellypro1-f8b3b7fa08bc 118 1780266177.612 2|shos_init.c:103         New min heap free: 125396
shellypro1-f8b3b7fa08bc/debug/log shellypro1-f8b3b7fa08bc 119 1780266177.622 2|wifi                    I (18238) wifi:<ba-del>idx:1, tid:1
shellypro1-f8b3b7fa08bc/debug/log shellypro1-f8b3b7fa08bc 120 1780266177.623 2|wifi                    I (18248) wifi:<ba-add>idx:1 (ifx:0, e0:08:55:3e:6e:63), tid:1, ssn:59, winSize:64
shellypro1-f8b3b7fa08bc/events/rpc {"src":"shellypro1-f8b3b7fa08bc","dst":"shellypro1-f8b3b7fa08bc/events","method":"NotifyStatus","params":{"ts":1780266177.66,"sys":{"available_updates":{"beta":{"version":"2.0.0-beta2"}}}}}
shellypro1-f8b3b7fa08bc/status/sys {"mac":"F8B3B7FA08BC","restart_required":false,"time":"00:22","unixtime":1780266177,"last_sync_ts":1780266165,"uptime":16,"ram_size":248924,"ram_free":136528,"ram_min_free":125396,"fs_size":524288,"fs_free":200704,"cfg_rev":14,"kvs_rev":0,"schedule_rev":0,"webhook_rev":0,"btrelay_rev":0,"bthc_rev":0,"available_updates":{"beta":{"version":"2.0.0-beta2"}},"reset_reason":1,"utc_offset":7200}
shellypro1-f8b3b7fa08bc/debug/log shellypro1-f8b3b7fa08bc 121 1780266177.678 2|shos_http_client.cp:656 0x3ffdf9f8: Finished; bytes 755, code 200, redir 0/3, auth 0, status OK
shellypro1-f8b3b7fa08bc/debug/log shellypro1-f8b3b7fa08bc 122 1780266177.679 2|shelly_notification:164 Status change of sys: {"available_updates":{"beta":{"version":"2.0.0-beta2"}}}
shellypro1-f8b3b7fa08bc/debug/log shellypro1-f8b3b7fa08bc 123 1780266178.138 2|wifi                    I (18758) wifi:<ba-del>idx:1, tid:1
shellypro1-f8b3b7fa08bc/debug/log shellypro1-f8b3b7fa08bc 124 1780266178.139 2|wifi                    I (18758) wifi:<ba-add>idx:1 (ifx:0, e0:08:55:3e:6e:63), tid:1, ssn:65, winSize:64
shellypro1-f8b3b7fa08bc/debug/log shellypro1-f8b3b7fa08bc 125 1780266178.649 2|wifi                    I (19278) wifi:<ba-del>idx:1, tid:1
shellypro1-f8b3b7fa08bc/debug/log shellypro1-f8b3b7fa08bc 126 1780266178.659 2|wifi                    I (19278) wifi:<ba-add>idx:1 (ifx:0, e0:08:55:3e:6e:63), tid:1, ssn:67, winSize:64
shellypro1-f8b3b7fa08bc/debug/log shellypro1-f8b3b7fa08bc 127 1780266179.168 2|wifi                    I (19798) wifi:<ba-del>idx:1, tid:1
shellypro1-f8b3b7fa08bc/debug/log shellypro1-f8b3b7fa08bc 128 1780266179.179 2|wifi                    I (19798) wifi:<ba-add>idx:1 (ifx:0, e0:08:55:3e:6e:63), tid:1, ssn:68, winSize:64
shellypro1-f8b3b7fa08bc/debug/log shellypro1-f8b3b7fa08bc 129 1780266179.688 2|wifi                    I (20318) wifi:<ba-del>idx:1, tid:1
shellypro1-f8b3b7fa08bc/debug/log shellypro1-f8b3b7fa08bc 130 1780266179.700 2|wifi                    I (20318) wifi:<ba-add>idx:1 (ifx:0, e0:08:55:3e:6e:63), tid:1, ssn:70, winSize:64
shellypro1-f8b3b7fa08bc/debug/log shellypro1-f8b3b7fa08bc 131 1780266180.219 2|wifi                    I (20838) wifi:<ba-del>idx:1, tid:1
shellypro1-f8b3b7fa08bc/debug/log shellypro1-f8b3b7fa08bc 132 1780266180.220 2|wifi                    I (20838) wifi:<ba-add>idx:1 (ifx:0, e0:08:55:3e:6e:63), tid:1, ssn:71, winSize:64
lmha3/instances/lmha3-fdd1d9e4 {"priority":10,"timestamp":"2026-05-31T22:23:00.683077482Z"}
shellypro1-f8b3b7fa08bc/debug/log shellypro1-f8b3b7fa08bc 133 1780266180.739 2|wifi                    I (21358) wifi:<ba-del>idx:1, tid:1
shellypro1-f8b3b7fa08bc/debug/log shellypro1-f8b3b7fa08bc 134 1780266180.741 2|wifi                    I (21358) wifi:<ba-add>idx:1 (ifx:0, e0:08:55:3e:6e:63), tid:1, ssn:73, winSize:64
shellypro1-f8b3b7fa08bc/debug/log shellypro1-f8b3b7fa08bc 135 1780266181.258 2|wifi                    I (21878) wifi:<ba-del>idx:1, tid:1
shellypro1-f8b3b7fa08bc/debug/log shellypro1-f8b3b7fa08bc 136 1780266181.259 2|wifi                    I (21878) wifi:<ba-add>idx:1 (ifx:0, e0:08:55:3e:6e:63), tid:1, ssn:74, winSize:64
shellypro1-f8b3b7fa08bc/debug/log shellypro1-f8b3b7fa08bc 137 1780266181.778 2|wifi                    I (22398) wifi:<ba-del>idx:1, tid:1
shellypro1-f8b3b7fa08bc/debug/log shellypro1-f8b3b7fa08bc 138 1780266181.779 2|wifi                    I (22398) wifi:<ba-add>idx:1 (ifx:0, e0:08:55:3e:6e:63), tid:1, ssn:76, winSize:64
shellypro1-f8b3b7fa08bc/debug/log shellypro1-f8b3b7fa08bc 139 1780266182.288 2|wifi                    I (22918) wifi:<ba-del>idx:1, tid:1
shellypro1-f8b3b7fa08bc/debug/log shellypro1-f8b3b7fa08bc 140 1780266182.299 2|wifi                    I (22918) wifi:<ba-add>idx:1 (ifx:0, e0:08:55:3e:6e:63), tid:1, ssn:77, winSize:64
shellypro1-f8b3b7fa08bc/debug/log shellypro1-f8b3b7fa08bc 141 1780266182.820 2|wifi                    I (23438) wifi:<ba-del>idx:1, tid:1
shellypro1-f8b3b7fa08bc/debug/log shellypro1-f8b3b7fa08bc 142 1780266182.821 2|wifi                    I (23448) wifi:<ba-add>idx:1 (ifx:0, e0:08:55:3e:6e:63), tid:1, ssn:79, winSize:64
shellypro1-f8b3b7fa08bc/debug/log shellypro1-f8b3b7fa08bc 143 1780266183.329 2|wifi                    I (23958) wifi:<ba-del>idx:1, tid:1
shellypro1-f8b3b7fa08bc/debug/log shellypro1-f8b3b7fa08bc 144 1780266183.339 2|wifi                    I (23958) wifi:<ba-add>idx:1 (ifx:0, e0:08:55:3e:6e:63), tid:1, ssn:80, winSize:64
shellypro1-f8b3b7fa08bc/debug/log shellypro1-f8b3b7fa08bc 145 1780266183.858 2|wifi                    I (24478) wifi:<ba-del>idx:1, tid:1
shellypro1-f8b3b7fa08bc/debug/log shellypro1-f8b3b7fa08bc 146 1780266183.859 2|wifi                    I (24478) wifi:<ba-add>idx:1 (ifx:0, e0:08:55:3e:6e:63), tid:1, ssn:82, winSize:64
shellypro1-f8b3b7fa08bc/debug/log shellypro1-f8b3b7fa08bc 147 1780266184.328 2|shos_init.c:103         New min heap free: 120960
shellypro1-f8b3b7fa08bc/debug/log shellypro1-f8b3b7fa08bc 148 1780266184.379 2|wifi                    I (24998) wifi:<ba-del>idx:1, tid:1
shellypro1-f8b3b7fa08bc/debug/log shellypro1-f8b3b7fa08bc 149 1780266184.379 2|wifi                    I (24998) wifi:<ba-add>idx:1 (ifx:0, e0:08:55:3e:6e:63), tid:1, ssn:84, winSize:64
shellypro1-f8b3b7fa08bc/debug/log shellypro1-f8b3b7fa08bc 150 1780266184.801 2|shos_rpc_inst.c:243     shelly.getdeviceinfo [0@0948889b-22e1-4ea8-8d58-0b315522b9cc] via WS_in 192.168.178.21:56128
shellypro1-f8b3b7fa08bc/debug/log shellypro1-f8b3b7fa08bc 151 1780266184.862 2|shos_rpc_inst.c:243     shelly.getcomponents [1@0948889b-22e1-4ea8-8d58-0b315522b9cc] via WS_in 192.168.178.21:56128
shellypro1-f8b3b7fa08bc/debug/log shellypro1-f8b3b7fa08bc 152 1780266184.889 2|wifi                    I (25518) wifi:<ba-del>idx:1, tid:1
shellypro1-f8b3b7fa08bc/debug/log shellypro1-f8b3b7fa08bc 153 1780266184.899 2|wifi                    I (25518) wifi:<ba-add>idx:1 (ifx:0, e0:08:55:3e:6e:63), tid:1, ssn:87, winSize:64
shellypro1-f8b3b7fa08bc/debug/log shellypro1-f8b3b7fa08bc 154 1780266184.935 2|shos_rpc_inst.c:243     shelly.getcomponents [2@0948889b-22e1-4ea8-8d58-0b315522b9cc] via WS_in 192.168.178.21:56128
shellypro1-f8b3b7fa08bc/debug/log shellypro1-f8b3b7fa08bc 155 1780266184.977 2|shos_rpc_inst.c:243     schedule.list [3@0948889b-22e1-4ea8-8d58-0b315522b9cc] via WS_in 192.168.178.21:56128
shellypro1-f8b3b7fa08bc/debug/log shellypro1-f8b3b7fa08bc 156 1780266185.569 2|shos_rpc_inst.c:243     shelly.listmethods [4@0948889b-22e1-4ea8-8d58-0b315522b9cc] via WS_in 192.168.178.21:56128
shellypro1-f8b3b7fa08bc/debug/log shellypro1-f8b3b7fa08bc 157 1780266185.570 2|wifi                    I (26038) wifi:<ba-del>idx:1, tid:1
shellypro1-f8b3b7fa08bc/debug/log shellypro1-f8b3b7fa08bc 158 1780266185.571 2|wifi                    I (26038) wifi:<ba-add>idx:1 (ifx:0, e0:08:55:3e:6e:63), tid:1, ssn:90, winSize:64
shellypro1-f8b3b7fa08bc/debug/log shellypro1-f8b3b7fa08bc 159 1780266185.571 2|shos_rpc_inst.c:243     webhook.list [5@0948889b-22e1-4ea8-8d58-0b315522b9cc] via WS_in 192.168.178.21:56128
shellypro1-f8b3b7fa08bc/debug/log shellypro1-f8b3b7fa08bc 160 1780266185.571 2|shos_rpc_inst.c:243     webhook.listsupported [6@0948889b-22e1-4ea8-8d58-0b315522b9cc] via WS_in 192.168.178.21:56128
shellypro1-f8b3b7fa08bc/debug/log shellypro1-f8b3b7fa08bc 161 1780266185.572 2|shos_rpc_inst.c:243     kvs.getmany [7@0948889b-22e1-4ea8-8d58-0b315522b9cc] via WS_in 192.168.178.21:56128
shellypro1-f8b3b7fa08bc/debug/log shellypro1-f8b3b7fa08bc 162 1780266185.572 2|shos_rpc_inst.c:243     schedule.list [8@0948889b-22e1-4ea8-8d58-0b315522b9cc] via WS_in 192.168.178.21:56128
shellypro1-f8b3b7fa08bc/debug/log shellypro1-f8b3b7fa08bc 163 1780266185.572 2|shos_init.c:103         New min heap free: 115172
shellypro1-f8b3b7fa08bc/debug/log shellypro1-f8b3b7fa08bc 164 1780266185.606 2|shos_rpc_inst.c:243     script.getcode [9@0948889b-22e1-4ea8-8d58-0b315522b9cc] via WS_in 192.168.178.21:56128
shellypro1-f8b3b7fa08bc/debug/log shellypro1-f8b3b7fa08bc 165 1780266185.607 2|shelly_scripts_rpc.:345 Sending "script_1.js"
shellypro1-f8b3b7fa08bc/debug/log shellypro1-f8b3b7fa08bc 166 1780266185.929 2|wifi                    I (26558) wifi:<ba-del>idx:1, tid:1
shellypro1-f8b3b7fa08bc/debug/log shellypro1-f8b3b7fa08bc 167 1780266185.939 2|wifi                    I (26558) wifi:<ba-add>idx:1 (ifx:0, e0:08:55:3e:6e:63), tid:1, ssn:96, winSize:64
shellypro1-f8b3b7fa08bc/debug/log shellypro1-f8b3b7fa08bc 168 1780266185.981 2|shos_rpc_inst.c:243     shelly.getdeviceinfo [0@6652ba9c-512b-47d7-b1a9-feda849f68a6] via WS_in 192.168.178.21:56152
shellypro1-f8b3b7fa08bc/debug/log shellypro1-f8b3b7fa08bc 169 1780266186.029 2|shos_rpc_inst.c:243     shelly.getcomponents [1@6652ba9c-512b-47d7-b1a9-feda849f68a6] via WS_in 192.168.178.21:56152
shellypro1-f8b3b7fa08bc/debug/log shellypro1-f8b3b7fa08bc 170 1780266186.103 2|shos_rpc_inst.c:243     shelly.getcomponents [2@6652ba9c-512b-47d7-b1a9-feda849f68a6] via WS_in 192.168.178.21:56152
shellypro1-f8b3b7fa08bc/debug/log shellypro1-f8b3b7fa08bc 171 1780266186.145 2|shos_rpc_inst.c:243     schedule.list [3@6652ba9c-512b-47d7-b1a9-feda849f68a6] via WS_in 192.168.178.21:56152
shellypro1-f8b3b7fa08bc/debug/log shellypro1-f8b3b7fa08bc 172 1780266186.722 2|shos_rpc_inst.c:243     shelly.listmethods [4@6652ba9c-512b-47d7-b1a9-feda849f68a6] via WS_in 192.168.178.21:56152
shellypro1-f8b3b7fa08bc/debug/log shellypro1-f8b3b7fa08bc 173 1780266186.723 2|wifi                    I (27078) wifi:<ba-del>idx:1, tid:1
shellypro1-f8b3b7fa08bc/debug/log shellypro1-f8b3b7fa08bc 174 1780266186.724 2|wifi                    I (27078) wifi:<ba-add>idx:1 (ifx:0, e0:08:55:3e:6e:63), tid:1, ssn:100, winSize:64
shellypro1-f8b3b7fa08bc/debug/log shellypro1-f8b3b7fa08bc 175 1780266186.724 2|shos_rpc_inst.c:243     webhook.list [5@6652ba9c-512b-47d7-b1a9-feda849f68a6] via WS_in 192.168.178.21:56152
shellypro1-f8b3b7fa08bc/debug/log shellypro1-f8b3b7fa08bc 176 1780266186.725 2|shos_rpc_inst.c:243     webhook.listsupported [6@6652ba9c-512b-47d7-b1a9-feda849f68a6] via WS_in 192.168.178.21:56152
shellypro1-f8b3b7fa08bc/debug/log shellypro1-f8b3b7fa08bc 177 1780266186.725 2|shos_rpc_inst.c:243     kvs.getmany [7@6652ba9c-512b-47d7-b1a9-feda849f68a6] via WS_in 192.168.178.21:56152
shellypro1-f8b3b7fa08bc/debug/log shellypro1-f8b3b7fa08bc 178 1780266186.725 2|shos_rpc_inst.c:243     schedule.list [8@6652ba9c-512b-47d7-b1a9-feda849f68a6] via WS_in 192.168.178.21:56152
shellypro1-f8b3b7fa08bc/debug/log shellypro1-f8b3b7fa08bc 179 1780266186.748 2|shelly_debug.cpp:236    Streaming logs to 192.168.178.21:56156
shellypro1-f8b3b7fa08bc/debug/log shellypro1-f8b3b7fa08bc 180 1780266186.863 2|shos_rpc_inst.c:243     script.getcode [9@6652ba9c-512b-47d7-b1a9-feda849f68a6] via WS_in 192.168.178.21:56152
shellypro1-f8b3b7fa08bc/debug/log shellypro1-f8b3b7fa08bc 181 1780266186.864 2|shelly_scripts_rpc.:345 Sending "script_1.js"
shellypro1-f8b3b7fa08bc/debug/log shellypro1-f8b3b7fa08bc 182 1780266186.981 2|wifi                    I (27598) wifi:<ba-del>idx:1, tid:1
shellypro1-f8b3b7fa08bc/debug/log shellypro1-f8b3b7fa08bc 183 1780266186.982 2|wifi                    I (27598) wifi:<ba-add>idx:1 (ifx:0, e0:08:55:3e:6e:63), tid:1, ssn:106, winSize:64
shellypro1-f8b3b7fa08bc/debug/log shellypro1-f8b3b7fa08bc 184 1780266187.500 2|wifi                    I (28118) wifi:<ba-del>idx:1, tid:1
shellypro1-f8b3b7fa08bc/debug/log shellypro1-f8b3b7fa08bc 185 1780266187.501 2|wifi                    I (28118) wifi:<ba-add>idx:1 (ifx:0, e0:08:55:3e:6e:63), tid:1, ssn:108, winSize:64
shellypro1-f8b3b7fa08bc/debug/log shellypro1-f8b3b7fa08bc 186 1780266188.011 2|wifi                    I (28638) wifi:<ba-del>idx:1, tid:1
shellypro1-f8b3b7fa08bc/debug/log shellypro1-f8b3b7fa08bc 187 1780266188.020 2|wifi                    I (28638) wifi:<ba-add>idx:1 (ifx:0, e0:08:55:3e:6e:63), tid:1, ssn:110, winSize:64
shellypro1-f8b3b7fa08bc/debug/log shellypro1-f8b3b7fa08bc 188 1780266188.540 2|wifi                    I (29158) wifi:<ba-del>idx:1, tid:1
shellypro1-f8b3b7fa08bc/debug/log shellypro1-f8b3b7fa08bc 189 1780266188.541 2|wifi                    I (29158) wifi:<ba-add>idx:1 (ifx:0, e0:08:55:3e:6e:63), tid:1, ssn:111, winSize:64
shellypro1-f8b3b7fa08bc/debug/log shellypro1-f8b3b7fa08bc 190 1780266189.060 2|wifi                    I (29678) wifi:<ba-del>idx:1, tid:1
shellypro1-f8b3b7fa08bc/debug/log shellypro1-f8b3b7fa08bc 191 1780266189.062 2|wifi                    I (29678) wifi:<ba-add>idx:1 (ifx:0, e0:08:55:3e:6e:63), tid:1, ssn:113, winSize:64
shellypro1-f8b3b7fa08bc/debug/log shellypro1-f8b3b7fa08bc 192 1780266189.580 2|wifi                    I (30198) wifi:<ba-del>idx:1, tid:1
shellypro1-f8b3b7fa08bc/debug/log shellypro1-f8b3b7fa08bc 193 1780266189.581 2|wifi                    I (30198) wifi:<ba-add>idx:1 (ifx:0, e0:08:55:3e:6e:63), tid:1, ssn:114, winSize:64
shellypro1-f8b3b7fa08bc/debug/log shellypro1-f8b3b7fa08bc 194 1780266190.091 2|wifi                    I (30718) wifi:<ba-del>idx:1, tid:1
shellypro1-f8b3b7fa08bc/debug/log shellypro1-f8b3b7fa08bc 195 1780266190.100 2|wifi                    I (30718) wifi:<ba-add>idx:1 (ifx:0, e0:08:55:3e:6e:63), tid:1, ssn:116, winSize:64
shellypro1-f8b3b7fa08bc/debug/log shellypro1-f8b3b7fa08bc 196 1780266190.611 2|wifi                    I (31238) wifi:<ba-del>idx:1, tid:1
shellypro1-f8b3b7fa08bc/debug/log shellypro1-f8b3b7fa08bc 197 1780266190.620 2|wifi                    I (31238) wifi:<ba-add>idx:1 (ifx:0, e0:08:55:3e:6e:63), tid:1, ssn:117, winSize:64
lmha3/instances/lmha3-fdd1d9e4 {"priority":10,"timestamp":"2026-05-31T22:23:10.683414280Z"}
shellypro1-f8b3b7fa08bc/debug/log shellypro1-f8b3b7fa08bc 198 1780266191.140 2|wifi                    I (31758) wifi:<ba-del>idx:1, tid:1
shellypro1-f8b3b7fa08bc/debug/log shellypro1-f8b3b7fa08bc 199 1780266191.141 2|wifi                    I (31758) wifi:<ba-add>idx:1 (ifx:0, e0:08:55:3e:6e:63), tid:1, ssn:119, winSize:64
shellypro1-f8b3b7fa08bc/debug/log shellypro1-f8b3b7fa08bc 200 1780266191.651 2|wifi                    I (32278) wifi:<ba-del>idx:1, tid:1
shellypro1-f8b3b7fa08bc/debug/log shellypro1-f8b3b7fa08bc 201 1780266191.660 2|wifi                    I (32278) wifi:<ba-add>idx:1 (ifx:0, e0:08:55:3e:6e:63), tid:1, ssn:120, winSize:64
shellypro1-f8b3b7fa08bc/debug/log shellypro1-f8b3b7fa08bc 202 1780266192.171 2|wifi                    I (32798) wifi:<ba-del>idx:1, tid:1
shellypro1-f8b3b7fa08bc/debug/log shellypro1-f8b3b7fa08bc 203 1780266192.180 2|wifi                    I (32798) wifi:<ba-add>idx:1 (ifx:0, e0:08:55:3e:6e:63), tid:1, ssn:122, winSize:64
shellypro1-f8b3b7fa08bc/debug/log shellypro1-f8b3b7fa08bc 204 1780266192.691 2|wifi                    I (33318) wifi:<ba-del>idx:1, tid:1
shellypro1-f8b3b7fa08bc/debug/log shellypro1-f8b3b7fa08bc 205 1780266192.701 2|wifi                    I (33318) wifi:<ba-add>idx:1 (ifx:0, e0:08:55:3e:6e:63), tid:1, ssn:123, winSize:64
shellypro1-f8b3b7fa08bc/debug/log shellypro1-f8b3b7fa08bc 206 1780266193.221 2|wifi                    I (33838) wifi:<ba-del>idx:1, tid:1
shellypro1-f8b3b7fa08bc/debug/log shellypro1-f8b3b7fa08bc 207 1780266193.222 2|wifi                    I (33838) wifi:<ba-add>idx:1 (ifx:0, e0:08:55:3e:6e:63), tid:1, ssn:125, winSize:64
shellypro1-f8b3b7fa08bc/debug/log shellypro1-f8b3b7fa08bc 208 1780266193.734 2|wifi                    I (34358) wifi:<ba-del>idx:1, tid:1
shellypro1-f8b3b7fa08bc/debug/log shellypro1-f8b3b7fa08bc 209 1780266193.745 2|wifi                    I (34368) wifi:<ba-add>idx:1 (ifx:0, e0:08:55:3e:6e:63), tid:1, ssn:126, winSize:64
shellypro1-f8b3b7fa08bc/debug/log shellypro1-f8b3b7fa08bc 210 1780266194.251 2|wifi                    I (34878) wifi:<ba-del>idx:1, tid:1
shellypro1-f8b3b7fa08bc/debug/log shellypro1-f8b3b7fa08bc 211 1780266194.262 2|wifi                    I (34878) wifi:<ba-add>idx:1 (ifx:0, e0:08:55:3e:6e:63), tid:1, ssn:128, winSize:64
shellypro1-f8b3b7fa08bc/debug/log shellypro1-f8b3b7fa08bc 212 1780266194.780 2|wifi                    I (35398) wifi:<ba-del>idx:1, tid:1
shellypro1-f8b3b7fa08bc/debug/log shellypro1-f8b3b7fa08bc 213 1780266194.781 2|wifi                    I (35398) wifi:<ba-add>idx:1 (ifx:0, e0:08:55:3e:6e:63), tid:1, ssn:129, winSize:64
shellypro1-f8b3b7fa08bc/debug/log shellypro1-f8b3b7fa08bc 214 1780266195.300 2|wifi                    I (35918) wifi:<ba-del>idx:1, tid:1
shellypro1-f8b3b7fa08bc/debug/log shellypro1-f8b3b7fa08bc 215 1780266195.301 2|wifi                    I (35918) wifi:<ba-add>idx:1 (ifx:0, e0:08:55:3e:6e:63), tid:1, ssn:131, winSize:64
shellypro1-f8b3b7fa08bc/debug/log shellypro1-f8b3b7fa08bc 216 1780266195.820 2|wifi                    I (36438) wifi:<ba-del>idx:1, tid:1
shellypro1-f8b3b7fa08bc/debug/log shellypro1-f8b3b7fa08bc 217 1780266195.821 2|wifi                    I (36438) wifi:<ba-add>idx:1 (ifx:0, e0:08:55:3e:6e:63), tid:1, ssn:132, winSize:64
shellypro1-f8b3b7fa08bc/debug/log shellypro1-f8b3b7fa08bc 218 1780266196.331 2|wifi                    I (36958) wifi:<ba-del>idx:1, tid:1
shellypro1-f8b3b7fa08bc/debug/log shellypro1-f8b3b7fa08bc 219 1780266196.346 2|wifi                    I (36968) wifi:<ba-add>idx:1 (ifx:0, e0:08:55:3e:6e:63), tid:1, ssn:134, winSize:64
shellypro1-f8b3b7fa08bc/debug/log shellypro1-f8b3b7fa08bc 220 1780266196.860 2|wifi                    I (37478) wifi:<ba-del>idx:1, tid:1
shellypro1-f8b3b7fa08bc/debug/log shellypro1-f8b3b7fa08bc 221 1780266196.861 2|wifi                    I (37478) wifi:<ba-add>idx:1 (ifx:0, e0:08:55:3e:6e:63), tid:1, ssn:135, winSize:64
shellypro1-f8b3b7fa08bc/debug/log shellypro1-f8b3b7fa08bc 222 1780266197.382 2|wifi                    I (37998) wifi:<ba-del>idx:1, tid:1
shellypro1-f8b3b7fa08bc/debug/log shellypro1-f8b3b7fa08bc 223 1780266197.383 2|wifi                    I (37998) wifi:<ba-add>idx:1 (ifx:0, e0:08:55:3e:6e:63), tid:1, ssn:137, winSize:64
shellypro1-f8b3b7fa08bc/debug/log shellypro1-f8b3b7fa08bc 224 1780266197.900 2|wifi                    I (38518) wifi:<ba-del>idx:1, tid:1
shellypro1-f8b3b7fa08bc/debug/log shellypro1-f8b3b7fa08bc 225 1780266197.901 2|wifi                    I (38518) wifi:<ba-add>idx:1 (ifx:0, e0:08:55:3e:6e:63), tid:1, ssn:138, winSize:64
shellypro1-f8b3b7fa08bc/debug/log shellypro1-f8b3b7fa08bc 226 1780266198.411 2|wifi                    I (39038) wifi:<ba-del>idx:1, tid:1
shellypro1-f8b3b7fa08bc/debug/log shellypro1-f8b3b7fa08bc 227 1780266198.422 2|wifi                    I (39038) wifi:<ba-add>idx:1 (ifx:0, e0:08:55:3e:6e:63), tid:1, ssn:140, winSize:64
shellypro1-f8b3b7fa08bc/debug/log shellypro1-f8b3b7fa08bc 228 1780266198.940 2|wifi                    I (39558) wifi:<ba-del>idx:1, tid:1
shellypro1-f8b3b7fa08bc/debug/log shellypro1-f8b3b7fa08bc 229 1780266198.942 2|wifi                    I (39558) wifi:<ba-add>idx:1 (ifx:0, e0:08:55:3e:6e:63), tid:1, ssn:141, winSize:64
shellypro1-f8b3b7fa08bc/debug/log shellypro1-f8b3b7fa08bc 230 1780266199.461 2|wifi                    I (40078) wifi:<ba-del>idx:1, tid:1
shellypro1-f8b3b7fa08bc/debug/log shellypro1-f8b3b7fa08bc 231 1780266199.462 2|wifi                    I (40078) wifi:<ba-add>idx:1 (ifx:0, e0:08:55:3e:6e:63), tid:1, ssn:143, winSize:64
shellypro1-f8b3b7fa08bc/debug/log shellypro1-f8b3b7fa08bc 232 1780266199.981 2|wifi                    I (40598) wifi:<ba-del>idx:1, tid:1
shellypro1-f8b3b7fa08bc/debug/log shellypro1-f8b3b7fa08bc 233 1780266199.982 2|wifi                    I (40598) wifi:<ba-add>idx:1 (ifx:0, e0:08:55:3e:6e:63), tid:1, ssn:144, winSize:64
shellypro1-f8b3b7fa08bc/debug/log shellypro1-f8b3b7fa08bc 234 1780266200.491 2|wifi                    I (41118) wifi:<ba-del>idx:1, tid:1
shellypro1-f8b3b7fa08bc/debug/log shellypro1-f8b3b7fa08bc 235 1780266200.533 2|wifi                    I (41128) wifi:<ba-add>idx:1 (ifx:0, e0:08:55:3e:6e:63), tid:1, ssn:146, winSize:64
lmha3/instances/lmha3-fdd1d9e4 {"priority":10,"timestamp":"2026-05-31T22:23:20.683583170Z"}
shellypro1-f8b3b7fa08bc/debug/log shellypro1-f8b3b7fa08bc 236 1780266201.020 2|wifi                    I (41638) wifi:<ba-del>idx:1, tid:1
shellypro1-f8b3b7fa08bc/debug/log shellypro1-f8b3b7fa08bc 237 1780266201.022 2|wifi                    I (41638) wifi:<ba-add>idx:1 (ifx:0, e0:08:55:3e:6e:63), tid:1, ssn:147, winSize:64
shellypro1-f8b3b7fa08bc/debug/log shellypro1-f8b3b7fa08bc 238 1780266201.541 2|wifi                    I (42158) wifi:<ba-del>idx:1, tid:1
shellypro1-f8b3b7fa08bc/debug/log shellypro1-f8b3b7fa08bc 239 1780266201.542 2|wifi                    I (42158) wifi:<ba-add>idx:1 (ifx:0, e0:08:55:3e:6e:63), tid:1, ssn:149, winSize:64
shellypro1-f8b3b7fa08bc/debug/log shellypro1-f8b3b7fa08bc 240 1780266202.051 2|wifi                    I (42678) wifi:<ba-del>idx:1, tid:1
shellypro1-f8b3b7fa08bc/debug/log shellypro1-f8b3b7fa08bc 241 1780266202.062 2|wifi                    I (42678) wifi:<ba-add>idx:1 (ifx:0, e0:08:55:3e:6e:63), tid:1, ssn:150, winSize:64
shellypro1-f8b3b7fa08bc/debug/log shellypro1-f8b3b7fa08bc 242 1780266202.580 2|wifi                    I (43198) wifi:<ba-del>idx:1, tid:1
shellypro1-f8b3b7fa08bc/debug/log shellypro1-f8b3b7fa08bc 243 1780266202.582 2|wifi                    I (43198) wifi:<ba-add>idx:1 (ifx:0, e0:08:55:3e:6e:63), tid:1, ssn:152, winSize:64
shellypro1-f8b3b7fa08bc/debug/log shellypro1-f8b3b7fa08bc 244 1780266203.101 2|wifi                    I (43718) wifi:<ba-del>idx:1, tid:1
shellypro1-f8b3b7fa08bc/debug/log shellypro1-f8b3b7fa08bc 245 1780266203.102 2|wifi                    I (43718) wifi:<ba-add>idx:1 (ifx:0, e0:08:55:3e:6e:63), tid:1, ssn:153, winSize:64
shellypro1-f8b3b7fa08bc/debug/log shellypro1-f8b3b7fa08bc 246 1780266203.611 2|wifi                    I (44238) wifi:<ba-del>idx:1, tid:1
shellypro1-f8b3b7fa08bc/debug/log shellypro1-f8b3b7fa08bc 247 1780266203.622 2|wifi                    I (44238) wifi:<ba-add>idx:1 (ifx:0, e0:08:55:3e:6e:63), tid:1, ssn:155, winSize:64
shellypro1-f8b3b7fa08bc/debug/log shellypro1-f8b3b7fa08bc 248 1780266204.141 2|wifi                    I (44758) wifi:<ba-del>idx:1, tid:1
shellypro1-f8b3b7fa08bc/debug/log shellypro1-f8b3b7fa08bc 249 1780266204.142 2|wifi                    I (44758) wifi:<ba-add>idx:1 (ifx:0, e0:08:55:3e:6e:63), tid:1, ssn:156, winSize:64
shellypro1-f8b3b7fa08bc/debug/log shellypro1-f8b3b7fa08bc 250 1780266204.661 2|wifi                    I (45278) wifi:<ba-del>idx:1, tid:1
shellypro1-f8b3b7fa08bc/debug/log shellypro1-f8b3b7fa08bc 251 1780266204.662 2|wifi                    I (45278) wifi:<ba-add>idx:1 (ifx:0, e0:08:55:3e:6e:63), tid:1, ssn:158, winSize:64
shellypro1-f8b3b7fa08bc/debug/log shellypro1-f8b3b7fa08bc 252 1780266205.171 2|wifi                    I (45798) wifi:<ba-del>idx:1, tid:1
shellypro1-f8b3b7fa08bc/debug/log shellypro1-f8b3b7fa08bc 253 1780266205.185 2|wifi                    I (45808) wifi:<ba-add>idx:1 (ifx:0, e0:08:55:3e:6e:63), tid:1, ssn:159, winSize:64
shellypro1-f8b3b7fa08bc/debug/log shellypro1-f8b3b7fa08bc 254 1780266205.701 2|wifi                    I (46318) wifi:<ba-del>idx:1, tid:1
shellypro1-f8b3b7fa08bc/debug/log shellypro1-f8b3b7fa08bc 255 1780266205.702 2|wifi                    I (46318) wifi:<ba-add>idx:1 (ifx:0, e0:08:55:3e:6e:63), tid:1, ssn:161, winSize:64
shellypro1-f8b3b7fa08bc/debug/log shellypro1-f8b3b7fa08bc 256 1780266206.221 2|wifi                    I (46838) wifi:<ba-del>idx:1, tid:1
shellypro1-f8b3b7fa08bc/debug/log shellypro1-f8b3b7fa08bc 257 1780266206.222 2|wifi                    I (46838) wifi:<ba-add>idx:1 (ifx:0, e0:08:55:3e:6e:63), tid:1, ssn:162, winSize:64
shellypro1-f8b3b7fa08bc/debug/log shellypro1-f8b3b7fa08bc 258 1780266206.741 2|wifi                    I (47358) wifi:<ba-del>idx:1, tid:1
shellypro1-f8b3b7fa08bc/debug/log shellypro1-f8b3b7fa08bc 259 1780266206.742 2|wifi                    I (47358) wifi:<ba-add>idx:1 (ifx:0, e0:08:55:3e:6e:63), tid:1, ssn:164, winSize:64
shellypro1-f8b3b7fa08bc/debug/log shellypro1-f8b3b7fa08bc 260 1780266207.261 2|wifi                    I (47878) wifi:<ba-del>idx:1, tid:1
shellypro1-f8b3b7fa08bc/debug/log shellypro1-f8b3b7fa08bc 261 1780266207.262 2|wifi                    I (47878) wifi:<ba-add>idx:1 (ifx:0, e0:08:55:3e:6e:63), tid:1, ssn:165, winSize:64
shellypro1-f8b3b7fa08bc/debug/log shellypro1-f8b3b7fa08bc 262 1780266207.781 2|wifi                    I (48398) wifi:<ba-del>idx:1, tid:1
shellypro1-f8b3b7fa08bc/debug/log shellypro1-f8b3b7fa08bc 263 1780266207.782 2|wifi                    I (48398) wifi:<ba-add>idx:1 (ifx:0, e0:08:55:3e:6e:63), tid:1, ssn:167, winSize:64
shellypro1-f8b3b7fa08bc/debug/log shellypro1-f8b3b7fa08bc 264 1780266208.291 2|wifi                    I (48918) wifi:<ba-del>idx:1, tid:1
shellypro1-f8b3b7fa08bc/debug/log shellypro1-f8b3b7fa08bc 265 1780266208.330 2|wifi                    I (48928) wifi:<ba-add>idx:1 (ifx:0, e0:08:55:3e:6e:63), tid:1, ssn:168, winSize:64
shellypro1-f8b3b7fa08bc/debug/log shellypro1-f8b3b7fa08bc 266 1780266208.821 2|wifi                    I (49438) wifi:<ba-del>idx:1, tid:1
shellypro1-f8b3b7fa08bc/debug/log shellypro1-f8b3b7fa08bc 267 1780266208.822 2|wifi                    I (49438) wifi:<ba-add>idx:1 (ifx:0, e0:08:55:3e:6e:63), tid:1, ssn:169, winSize:64
shellypro1-f8b3b7fa08bc/debug/log shellypro1-f8b3b7fa08bc 268 1780266209.334 2|wifi                    I (49958) wifi:<ba-del>idx:1, tid:1
shellypro1-f8b3b7fa08bc/debug/log shellypro1-f8b3b7fa08bc 269 1780266209.345 2|wifi                    I (49968) wifi:<ba-add>idx:1 (ifx:0, e0:08:55:3e:6e:63), tid:1, ssn:171, winSize:64
shellypro1-f8b3b7fa08bc/debug/log shellypro1-f8b3b7fa08bc 270 1780266209.861 2|wifi                    I (50478) wifi:<ba-del>idx:1, tid:1
shellypro1-f8b3b7fa08bc/debug/log shellypro1-f8b3b7fa08bc 271 1780266209.862 2|wifi                    I (50478) wifi:<ba-add>idx:1 (ifx:0, e0:08:55:3e:6e:63), tid:1, ssn:173, winSize:64
shellypro1-f8b3b7fa08bc/debug/log shellypro1-f8b3b7fa08bc 272 1780266210.381 2|wifi                    I (50998) wifi:<ba-del>idx:1, tid:1
shellypro1-f8b3b7fa08bc/debug/log shellypro1-f8b3b7fa08bc 273 1780266210.382 2|wifi                    I (50998) wifi:<ba-add>idx:1 (ifx:0, e0:08:55:3e:6e:63), tid:1, ssn:174, winSize:64
lmha3/instances/lmha3-fdd1d9e4 {"priority":10,"timestamp":"2026-05-31T22:23:30.683914991Z"}
shellypro1-f8b3b7fa08bc/debug/log shellypro1-f8b3b7fa08bc 274 1780266210.901 2|wifi                    I (51518) wifi:<ba-del>idx:1, tid:1
shellypro1-f8b3b7fa08bc/debug/log shellypro1-f8b3b7fa08bc 275 1780266210.902 2|wifi                    I (51518) wifi:<ba-add>idx:1 (ifx:0, e0:08:55:3e:6e:63), tid:1, ssn:176, winSize:64
