Fetching PV forecast data...

=== Full JSON Response ===
{
    "result": {
        "watts": {
            "2026-05-27 05:36:14": 0,
            "2026-05-27 06:00:00": 219,
            "2026-05-27 07:00:00": 734,
            "2026-05-27 08:00:00": 1914,
            "2026-05-27 09:00:00": 3994,
            "2026-05-27 10:00:00": 6427,
            "2026-05-27 11:00:00": 8587,
            "2026-05-27 12:00:00": 10049,
            "2026-05-27 13:00:00": 10785,
            "2026-05-27 14:00:00": 10753,
            "2026-05-27 15:00:00": 9939,
            "2026-05-27 16:00:00": 8402,
            "2026-05-27 17:00:00": 6149,
            "2026-05-27 18:00:00": 3387,
            "2026-05-27 19:00:00": 1717,
            "2026-05-27 20:00:00": 616,
            "2026-05-27 21:00:00": 139,
            "2026-05-27 21:09:38": 0,
            "2026-05-28 05:35:26": 0,
            "2026-05-28 06:00:00": 224,
            "2026-05-28 07:00:00": 738,
            "2026-05-28 08:00:00": 1883,
            "2026-05-28 09:00:00": 3887,
            "2026-05-28 10:00:00": 6179,
            "2026-05-28 11:00:00": 8120,
            "2026-05-28 12:00:00": 9394,
            "2026-05-28 13:00:00": 10141,
            "2026-05-28 14:00:00": 10039,
            "2026-05-28 15:00:00": 8549,
            "2026-05-28 16:00:00": 6760,
            "2026-05-28 17:00:00": 4935,
            "2026-05-28 18:00:00": 2959,
            "2026-05-28 19:00:00": 1644,
            "2026-05-28 20:00:00": 633,
            "2026-05-28 21:00:00": 265,
            "2026-05-28 21:10:41": 0
        },
        "watt_hours_period": {
            "2026-05-27 05:36:14": 0,
            "2026-05-27 06:00:00": 43,
            "2026-05-27 07:00:00": 477,
            "2026-05-27 08:00:00": 1324,
            "2026-05-27 09:00:00": 2954,
            "2026-05-27 10:00:00": 5211,
            "2026-05-27 11:00:00": 7507,
            "2026-05-27 12:00:00": 9318,
            "2026-05-27 13:00:00": 10417,
            "2026-05-27 14:00:00": 10769,
            "2026-05-27 15:00:00": 10346,
            "2026-05-27 16:00:00": 9171,
            "2026-05-27 17:00:00": 7276,
            "2026-05-27 18:00:00": 4768,
            "2026-05-27 19:00:00": 2552,
            "2026-05-27 20:00:00": 1167,
            "2026-05-27 21:00:00": 378,
            "2026-05-27 21:09:38": 11,
            "2026-05-28 05:35:26": 0,
            "2026-05-28 06:00:00": 46,
            "2026-05-28 07:00:00": 481,
            "2026-05-28 08:00:00": 1311,
            "2026-05-28 09:00:00": 2885,
            "2026-05-28 10:00:00": 5033,
            "2026-05-28 11:00:00": 7150,
            "2026-05-28 12:00:00": 8757,
            "2026-05-28 13:00:00": 9768,
            "2026-05-28 14:00:00": 10090,
            "2026-05-28 15:00:00": 9294,
            "2026-05-28 16:00:00": 7655,
            "2026-05-28 17:00:00": 5848,
            "2026-05-28 18:00:00": 3947,
            "2026-05-28 19:00:00": 2302,
            "2026-05-28 20:00:00": 1139,
            "2026-05-28 21:00:00": 449,
            "2026-05-28 21:10:41": 24
        },
        "watt_hours": {
            "2026-05-27 05:36:14": 0,
            "2026-05-27 06:00:00": 43,
            "2026-05-27 07:00:00": 520,
            "2026-05-27 08:00:00": 1844,
            "2026-05-27 09:00:00": 4798,
            "2026-05-27 10:00:00": 10009,
            "2026-05-27 11:00:00": 17516,
            "2026-05-27 12:00:00": 26834,
            "2026-05-27 13:00:00": 37251,
            "2026-05-27 14:00:00": 48020,
            "2026-05-27 15:00:00": 58366,
            "2026-05-27 16:00:00": 67537,
            "2026-05-27 17:00:00": 74813,
            "2026-05-27 18:00:00": 79581,
            "2026-05-27 19:00:00": 82133,
            "2026-05-27 20:00:00": 83300,
            "2026-05-27 21:00:00": 83678,
            "2026-05-27 21:09:38": 83689,
            "2026-05-28 05:35:26": 0,
            "2026-05-28 06:00:00": 46,
            "2026-05-28 07:00:00": 527,
            "2026-05-28 08:00:00": 1838,
            "2026-05-28 09:00:00": 4723,
            "2026-05-28 10:00:00": 9756,
            "2026-05-28 11:00:00": 16906,
            "2026-05-28 12:00:00": 25663,
            "2026-05-28 13:00:00": 35431,
            "2026-05-28 14:00:00": 45521,
            "2026-05-28 15:00:00": 54815,
            "2026-05-28 16:00:00": 62470,
            "2026-05-28 17:00:00": 68318,
            "2026-05-28 18:00:00": 72265,
            "2026-05-28 19:00:00": 74567,
            "2026-05-28 20:00:00": 75706,
            "2026-05-28 21:00:00": 76155,
            "2026-05-28 21:10:41": 76179
        },
        "watt_hours_day": {
            "2026-05-27": 83689,
            "2026-05-28": 76179
        }
    },
    "message": {
        "code": 0,
        "type": "success",
        "text": "",
        "pid": "iSEsK5Pl",
        "info": {
            "latitude": 47.44,
            "longitude": 8.56,
            "distance": 0,
            "place": "P65, Rohrholzstrasse, 8060 Glattbrugg, Switzerland",
            "timezone": "Europe/Zurich",
            "time": "2026-05-27T21:38:27+02:00",
            "time_utc": "2026-05-27T19:38:27+00:00"
        },
        "ratelimit": {
            "zone": "IP 2001:8e0:39ce:701:8c2e:791d:1eaf:4881",
            "period": 3600,
            "limit": 12,
            "remaining": 9
        }
    }
}

=== Daily Production Forecasts ===
Date: 2026-05-27 | Estimated Total: 83.69 kWh
Date: 2026-05-28 | Estimated Total: 76.18 kWh

=== Upcoming Hourly Power Output (Watts) ===
Time: 05:36 | Expected Power: 0 W
Time: 06:00 | Expected Power: 219 W
Time: 07:00 | Expected Power: 734 W
Time: 08:00 | Expected Power: 1914 W
Time: 09:00 | Expected Power: 3994 W
Time: 10:00 | Expected Power: 6427 W
Time: 11:00 | Expected Power: 8587 W
Time: 12:00 | Expected Power: 10049 W
Time: 13:00 | Expected Power: 10785 W
Time: 14:00 | Expected Power: 10753 W
Time: 15:00 | Expected Power: 9939 W
Time: 16:00 | Expected Power: 8402 W
Time: 17:00 | Expected Power: 6149 W
Time: 18:00 | Expected Power: 3387 W
Time: 19:00 | Expected Power: 1717 W
Time: 20:00 | Expected Power: 616 W
Time: 21:00 | Expected Power: 139 W
Time: 21:09 | Expected Power: 0 W
Time: 05:35 | Expected Power: 0 W
Time: 06:00 | Expected Power: 224 W
Time: 07:00 | Expected Power: 738 W
Time: 08:00 | Expected Power: 1883 W
Time: 09:00 | Expected Power: 3887 W
Time: 10:00 | Expected Power: 6179 W
Time: 11:00 | Expected Power: 8120 W
Time: 12:00 | Expected Power: 9394 W
Time: 13:00 | Expected Power: 10141 W
Time: 14:00 | Expected Power: 10039 W
Time: 15:00 | Expected Power: 8549 W
Time: 16:00 | Expected Power: 6760 W
Time: 17:00 | Expected Power: 4935 W
Time: 18:00 | Expected Power: 2959 W
Time: 19:00 | Expected Power: 1644 W
Time: 20:00 | Expected Power: 633 W
Time: 21:00 | Expected Power: 265 W
Time: 21:10 | Expected Power: 0 W
